Log file open, 09/10/19 13:13:07
LogWindows: Failed to load 'aqProf.dll' (GetLastError=126)
LogWindows: File 'aqProf.dll' does not exist
LogWindows: Failed to load 'VtuneApi.dll' (GetLastError=126)
LogWindows: File 'VtuneApi.dll' does not exist
LogWindows: Failed to load 'VtuneApi32e.dll' (GetLastError=126)
LogWindows: File 'VtuneApi32e.dll' does not exist
LogConsoleResponse: Display: Failed to find resolution value strings in scalability ini. Falling back to default.
LogInit: Display: Running engine for game: MyProject2
LogPakFile: Registered encryption key '00000000000000000000000000000000': 0 pak files mounted, 0 remain pending
LogPlatformFile: Not using cached read wrapper
LogTaskGraph: Started task graph with 5 named threads and 23 total threads with 3 sets of task threads.
LogStats: Stats thread started at 3.787568
LogD3D11RHI: Loaded GFSDK_Aftermath_Lib.x64.dll
LogICUInternationalization: ICU TimeZone Detection - Raw Offset: +9:00, Platform Override: ''
LogPluginManager: Mounting plugin Paper2D
LogPluginManager: Mounting plugin AISupport
LogPluginManager: Mounting plugin LightPropagationVolume
LogPluginManager: Mounting plugin ActorLayerUtilities
LogPluginManager: Mounting plugin AnimationSharing
LogPluginManager: Mounting plugin CLionSourceCodeAccess
LogPluginManager: Mounting plugin CodeLiteSourceCodeAccess
LogPluginManager: Mounting plugin GitSourceControl
LogPluginManager: Mounting plugin KDevelopSourceCodeAccess
LogPluginManager: Mounting plugin NullSourceCodeAccess
LogPluginManager: Mounting plugin PerforceSourceControl
LogPluginManager: Mounting plugin SubversionSourceControl
LogPluginManager: Mounting plugin UObjectPlugin
LogPluginManager: Mounting plugin VisualStudioCodeSourceCodeAccess
LogPluginManager: Mounting plugin VisualStudioSourceCodeAccess
LogPluginManager: Mounting plugin XCodeSourceCodeAccess
LogPluginManager: Mounting plugin AssetManagerEditor
LogPluginManager: Mounting plugin CryptoKeys
LogPluginManager: Mounting plugin DataValidation
LogPluginManager: Mounting plugin FacialAnimation
LogPluginManager: Mounting plugin GameplayTagsEditor
LogPluginManager: Mounting plugin MacGraphicsSwitching
LogPluginManager: Mounting plugin MaterialAnalyzer
LogPluginManager: Mounting plugin MobileLauncherProfileWizard
LogPluginManager: Mounting plugin PluginBrowser
LogPluginManager: Mounting plugin SpeedTreeImporter
LogPluginManager: Mounting plugin DatasmithContent
LogPluginManager: Mounting plugin VariantManagerContent
LogPluginManager: Mounting plugin AlembicImporter
LogPluginManager: Mounting plugin AppleImageUtils
LogPluginManager: Mounting plugin AppleVision
LogPluginManager: Mounting plugin BackChannel
LogPluginManager: Mounting plugin CharacterAI
LogPluginManager: Mounting plugin GeometryCache
LogPluginManager: Mounting plugin HTML5Networking
LogPluginManager: Mounting plugin ProxyLODPlugin
LogPluginManager: Mounting plugin SkeletalReduction
LogPluginManager: Mounting plugin MagicLeap
LogPluginManager: Mounting plugin MagicLeapMedia
LogPluginManager: Mounting plugin AndroidMedia
LogPluginManager: Mounting plugin AvfMedia
LogPluginManager: Mounting plugin ImgMedia
LogPluginManager: Mounting plugin LinearTimecode
LogPluginManager: Mounting plugin MediaCompositing
LogPluginManager: Mounting plugin MediaPlayerEditor
LogPluginManager: Mounting plugin WebMMedia
LogPluginManager: Mounting plugin WmfMedia
LogPluginManager: Mounting plugin TcpMessaging
LogPluginManager: Mounting plugin UdpMessaging
LogPluginManager: Mounting plugin ActorSequence
LogPluginManager: Mounting plugin LevelSequenceEditor
LogPluginManager: Mounting plugin MatineeToLevelSequence
LogPluginManager: Mounting plugin NetcodeUnitTest
LogPluginManager: Mounting plugin NUTUnrealEngine4
LogPluginManager: Mounting plugin OnlineSubsystemGooglePlay
LogPluginManager: Mounting plugin OnlineSubsystemIOS
LogPluginManager: Mounting plugin OnlineSubsystem
LogPluginManager: Mounting plugin OnlineSubsystemNull
LogPluginManager: Mounting plugin OnlineSubsystemUtils
LogPluginManager: Mounting plugin LauncherChunkInstaller
LogPluginManager: Mounting plugin AndroidDeviceProfileSelector
LogPluginManager: Mounting plugin AndroidMoviePlayer
LogPluginManager: Mounting plugin AndroidPermission
LogPluginManager: Mounting plugin AppleMoviePlayer
LogPluginManager: Mounting plugin ArchVisCharacter
LogPluginManager: Mounting plugin AudioCapture
LogPluginManager: Mounting plugin CableComponent
LogPluginManager: Mounting plugin CustomMeshComponent
LogPluginManager: Mounting plugin EditableMesh
LogPluginManager: Mounting plugin ExampleDeviceProfileSelector
LogPluginManager: Mounting plugin Firebase
LogPluginManager: Mounting plugin GoogleCloudMessaging
LogPluginManager: Mounting plugin IOSDeviceProfileSelector
LogPluginManager: Mounting plugin LinuxDeviceProfileSelector
LogPluginManager: Mounting plugin LocationServicesBPLibrary
LogPluginManager: Mounting plugin MobilePatchingUtils
LogPluginManager: Mounting plugin OculusVR
LogPluginManager: Mounting plugin PhysXVehicles
LogPluginManager: Mounting plugin ProceduralMeshComponent
LogPluginManager: Mounting plugin RuntimePhysXCooking
LogPluginManager: Mounting plugin SignificanceManager
LogPluginManager: Mounting plugin SteamVR
LogPluginManager: Mounting plugin WebMMoviePlayer
LogPluginManager: Mounting plugin WindowsMoviePlayer
LogInit: Using libcurl 7.55.1-DEV
LogInit:  - built for x86_64-pc-win32
LogInit:  - supports SSL with OpenSSL/1.1.1
LogInit:  - supports HTTP deflate (compression) using libz 1.2.8
LogInit:  - other features:
LogInit:      CURL_VERSION_SSL
LogInit:      CURL_VERSION_LIBZ
LogInit:      CURL_VERSION_IPV6
LogInit:      CURL_VERSION_ASYNCHDNS
LogInit:      CURL_VERSION_LARGEFILE
LogInit:      CURL_VERSION_IDN
LogInit:  CurlRequestOptions (configurable via config and command line):
LogInit:  - bVerifyPeer = true  - Libcurl will verify peer certificate
LogInit:  - bUseHttpProxy = false  - Libcurl will NOT use HTTP proxy
LogInit:  - bDontReuseConnections = false  - Libcurl will reuse connections
LogInit:  - MaxHostConnections = 16  - Libcurl will limit the number of connections to a host
LogInit:  - LocalHostAddr = Default
LogInit:  - BufferSize = 65536
LogInit: WinSock: version 1.1 (2.2), MaxSocks=32767, MaxUdp=65467
LogInit: Build: ++UE4+Release-4.22-CL-7053642
LogInit: Engine Version: 4.22.3-7053642+++UE4+Release-4.22
LogInit: Compatible Engine Version: 4.22.0-5660361+++UE4+Release-4.22
LogInit: Net CL: 5660361
LogInit: OS: Windows 10 (Release 1709) (), CPU: Intel(R) Core(TM) i7-7700HQ CPU @ 2.80GHz, GPU: Intel(R) HD Graphics 630
LogInit: Compiled (64-bit): Jun 18 2019 03:09:11
LogInit: Compiled with Visual C++: 19.16.27025.01
LogInit: Build Configuration: Development
LogInit: Branch Name: ++UE4+Release-4.22
LogInit: Command Line: 
LogInit: Base Directory: D:/Program Files/UE_4.22/Engine/Binaries/Win64/
LogInit: Installed Engine Build: 1
LogDevObjectVersion: Number of dev versions registered: 23
LogDevObjectVersion:   Dev-Blueprints (B0D832E4-1F89-4F0D-ACCF-7EB736FD4AA2): 10
LogDevObjectVersion:   Dev-Build (E1C64328-A22C-4D53-A36C-8E866417BD8C): 0
LogDevObjectVersion:   Dev-Core (375EC13C-06E4-48FB-B500-84F0262A717E): 3
LogDevObjectVersion:   Dev-Editor (E4B068ED-F494-42E9-A231-DA0B2E46BB41): 30
LogDevObjectVersion:   Dev-Framework (CFFC743F-43B0-4480-9391-14DF171D2073): 35
LogDevObjectVersion:   Dev-Mobile (B02B49B5-BB20-44E9-A304-32B752E40360): 2
LogDevObjectVersion:   Dev-Networking (A4E4105C-59A1-49B5-A7C5-40C4547EDFEE): 0
LogDevObjectVersion:   Dev-Online (39C831C9-5AE6-47DC-9A44-9C173E1C8E7C): 0
LogDevObjectVersion:   Dev-Physics (78F01B33-EBEA-4F98-B9B4-84EACCB95AA2): 0
LogDevObjectVersion:   Dev-Platform (6631380F-2D4D-43E0-8009-CF276956A95A): 0
LogDevObjectVersion:   Dev-Rendering (12F88B9F-8875-4AFC-A67C-D90C383ABD29): 28
LogDevObjectVersion:   Dev-Sequencer (7B5AE74C-D270-4C10-A958-57980B212A5A): 11
LogDevObjectVersion:   Dev-VR (D7296918-1DD6-4BDD-9DE2-64A83CC13884): 2
LogDevObjectVersion:   Dev-LoadTimes (C2A15278-BFE7-4AFE-6C17-90FF531DF755): 1
LogDevObjectVersion:   Private-Geometry (6EACA3D4-40EC-4CC1-B786-8BED09428FC5): 3
LogDevObjectVersion:   Dev-AnimPhys (29E575DD-E0A3-4627-9D10-D276232CDCEA): 17
LogDevObjectVersion:   Dev-Anim (AF43A65D-7FD3-4947-9873-3E8ED9C1BB05): 2
LogDevObjectVersion:   Dev-ReflectionCapture (6B266CEC-1EC7-4B8F-A30B-E4D90942FC07): 1
LogDevObjectVersion:   Dev-Automation (0DF73D61-A23F-47EA-B727-89E90C41499A): 1
LogDevObjectVersion:   FortniteMain (601D1886-AC64-4F84-AA16-D3DE0DEAC7D6): 25
LogDevObjectVersion:   Dev-Enterprise (9DFFBCD6-494F-0158-E221-12823C92A888): 6
LogDevObjectVersion:   Dev-Niagara (F2AED0AC-9AFE-416F-8664-AA7FFA26D6FC): 1
LogDevObjectVersion:   Dev-Destruction (174F1F0B-B4C6-45A5-B13F-2EE8D0FB917D): 2
LogInit: Presizing for max 16777216 objects, including 0 objects not considered by GC, pre-allocating 0 bytes for permanent pool.
LogInit: Object subsystem initialized
LogConfig: Setting CVar [[con.DebugEarlyDefault:1]]
LogConfig: Setting CVar [[r.setres:1280x720]]
[2019.09.10-04.13.11:392][  0]LogConfig: Setting CVar [[r.VSync:0]]
[2019.09.10-04.13.11:392][  0]LogConfig: Setting CVar [[r.RHICmdBypass:0]]
[2019.09.10-04.13.11:392][  0]LogConfig: Applying CVar settings from Section [/Script/Engine.RendererSettings] File [D:/Unreal/unrealEngine4/TPS/Saved/Config/Windows/Engine.ini]
[2019.09.10-04.13.11:392][  0]LogConfig: Setting CVar [[r.GPUCrashDebugging:0]]
[2019.09.10-04.13.11:392][  0]LogConfig: Applying CVar settings from Section [/Script/Engine.RendererOverrideSettings] File [D:/Unreal/unrealEngine4/TPS/Saved/Config/Windows/Engine.ini]
[2019.09.10-04.13.11:392][  0]LogConfig: Applying CVar settings from Section [/Script/Engine.StreamingSettings] File [D:/Unreal/unrealEngine4/TPS/Saved/Config/Windows/Engine.ini]
[2019.09.10-04.13.11:392][  0]LogConfig: Setting CVar [[s.MinBulkDataSizeForAsyncLoading:131072]]
[2019.09.10-04.13.11:392][  0]LogConfig: Setting CVar [[s.AsyncLoadingThreadEnabled:0]]
[2019.09.10-04.13.11:393][  0]LogConfig: Setting CVar [[s.EventDrivenLoaderEnabled:1]]
[2019.09.10-04.13.11:393][  0]LogConfig: Setting CVar [[s.WarnIfTimeLimitExceeded:0]]
[2019.09.10-04.13.11:393][  0]LogConfig: Setting CVar [[s.TimeLimitExceededMultiplier:1.5]]
[2019.09.10-04.13.11:393][  0]LogConfig: Setting CVar [[s.TimeLimitExceededMinTime:0.005]]
[2019.09.10-04.13.11:393][  0]LogConfig: Setting CVar [[s.UseBackgroundLevelStreaming:1]]
[2019.09.10-04.13.11:393][  0]LogConfig: Setting CVar [[s.PriorityAsyncLoadingExtraTime:15.0]]
[2019.09.10-04.13.11:393][  0]LogConfig: Setting CVar [[s.LevelStreamingActorsUpdateTimeLimit:5.0]]
[2019.09.10-04.13.11:393][  0]LogConfig: Setting CVar [[s.PriorityLevelStreamingActorsUpdateExtraTime:5.0]]
[2019.09.10-04.13.11:393][  0]LogConfig: Setting CVar [[s.LevelStreamingComponentsRegistrationGranularity:10]]
[2019.09.10-04.13.11:393][  0]LogConfig: Setting CVar [[s.UnregisterComponentsTimeLimit:1.0]]
[2019.09.10-04.13.11:393][  0]LogConfig: Setting CVar [[s.LevelStreamingComponentsUnregistrationGranularity:5]]
[2019.09.10-04.13.11:393][  0]LogConfig: Applying CVar settings from Section [/Script/Engine.GarbageCollectionSettings] File [D:/Unreal/unrealEngine4/TPS/Saved/Config/Windows/Engine.ini]
[2019.09.10-04.13.11:393][  0]LogConfig: Setting CVar [[gc.MaxObjectsNotConsideredByGC:1]]
[2019.09.10-04.13.11:393][  0]LogConfig: Setting CVar [[gc.SizeOfPermanentObjectPool:0]]
[2019.09.10-04.13.11:393][  0]LogConfig: Setting CVar [[gc.FlushStreamingOnGC:0]]
[2019.09.10-04.13.11:393][  0]LogConfig: Setting CVar [[gc.NumRetriesBeforeForcingGC:10]]
[2019.09.10-04.13.11:393][  0]LogConfig: Setting CVar [[gc.AllowParallelGC:1]]
[2019.09.10-04.13.11:393][  0]LogConfig: Setting CVar [[gc.TimeBetweenPurgingPendingKillObjects:61.1]]
[2019.09.10-04.13.11:393][  0]LogConfig: Setting CVar [[gc.MaxObjectsInEditor:16777216]]
[2019.09.10-04.13.11:393][  0]LogConfig: Setting CVar [[gc.IncrementalBeginDestroyEnabled:1]]
[2019.09.10-04.13.11:394][  0]LogConfig: Setting CVar [[gc.CreateGCClusters:1]]
[2019.09.10-04.13.11:394][  0]LogConfig: Setting CVar [[gc.MinGCClusterSize:5]]
[2019.09.10-04.13.11:394][  0]LogConfig: Setting CVar [[gc.ActorClusteringEnabled:0]]
[2019.09.10-04.13.11:394][  0]LogConfig: Setting CVar [[gc.BlueprintClusteringEnabled:0]]
[2019.09.10-04.13.11:394][  0]LogConfig: Setting CVar [[gc.UseDisregardForGCOnDedicatedServers:0]]
[2019.09.10-04.13.11:394][  0]LogConfig: Applying CVar settings from Section [/Script/Engine.NetworkSettings] File [D:/Unreal/unrealEngine4/TPS/Saved/Config/Windows/Engine.ini]
[2019.09.10-04.13.11:394][  0]LogConfig: Applying CVar settings from Section [/Script/UnrealEd.CookerSettings] File [D:/Unreal/unrealEngine4/TPS/Saved/Config/Windows/Engine.ini]
[2019.09.10-04.13.11:427][  0]LogConfig: Applying CVar settings from Section [ViewDistanceQuality@3] File [D:/Unreal/unrealEngine4/TPS/Saved/Config/Windows/Scalability.ini]
[2019.09.10-04.13.11:427][  0]LogConfig: Setting CVar [[r.SkeletalMeshLODBias:0]]
[2019.09.10-04.13.11:427][  0]LogConfig: Setting CVar [[r.ViewDistanceScale:1.0]]
[2019.09.10-04.13.11:427][  0]LogConfig: Applying CVar settings from Section [AntiAliasingQuality@3] File [D:/Unreal/unrealEngine4/TPS/Saved/Config/Windows/Scalability.ini]
[2019.09.10-04.13.11:427][  0]LogConfig: Setting CVar [[r.PostProcessAAQuality:4]]
[2019.09.10-04.13.11:427][  0]LogConfig: Applying CVar settings from Section [ShadowQuality@3] File [D:/Unreal/unrealEngine4/TPS/Saved/Config/Windows/Scalability.ini]
[2019.09.10-04.13.11:427][  0]LogConfig: Setting CVar [[r.LightFunctionQuality:1]]
[2019.09.10-04.13.11:427][  0]LogConfig: Setting CVar [[r.ShadowQuality:5]]
[2019.09.10-04.13.11:427][  0]LogConfig: Setting CVar [[r.Shadow.CSM.MaxCascades:10]]
[2019.09.10-04.13.11:427][  0]LogConfig: Setting CVar [[r.Shadow.MaxResolution:2048]]
[2019.09.10-04.13.11:427][  0]LogConfig: Setting CVar [[r.Shadow.MaxCSMResolution:2048]]
[2019.09.10-04.13.11:427][  0]LogConfig: Setting CVar [[r.Shadow.RadiusThreshold:0.01]]
[2019.09.10-04.13.11:428][  0]LogConfig: Setting CVar [[r.Shadow.DistanceScale:1.0]]
[2019.09.10-04.13.11:428][  0]LogConfig: Setting CVar [[r.Shadow.CSM.TransitionScale:1.0]]
[2019.09.10-04.13.11:428][  0]LogConfig: Setting CVar [[r.Shadow.PreShadowResolutionFactor:1.0]]
[2019.09.10-04.13.11:428][  0]LogConfig: Setting CVar [[r.DistanceFieldShadowing:1]]
[2019.09.10-04.13.11:428][  0]LogConfig: Setting CVar [[r.DistanceFieldAO:1]]
[2019.09.10-04.13.11:428][  0]LogConfig: Setting CVar [[r.AOQuality:2]]
[2019.09.10-04.13.11:428][  0]LogConfig: Setting CVar [[r.VolumetricFog:1]]
[2019.09.10-04.13.11:428][  0]LogConfig: Setting CVar [[r.VolumetricFog.GridPixelSize:8]]
[2019.09.10-04.13.11:428][  0]LogConfig: Setting CVar [[r.VolumetricFog.GridSizeZ:128]]
[2019.09.10-04.13.11:428][  0]LogConfig: Setting CVar [[r.VolumetricFog.HistoryMissSupersampleCount:4]]
[2019.09.10-04.13.11:428][  0]LogConfig: Setting CVar [[r.LightMaxDrawDistanceScale:1]]
[2019.09.10-04.13.11:428][  0]LogConfig: Setting CVar [[r.CapsuleShadows:1]]
[2019.09.10-04.13.11:428][  0]LogConfig: Applying CVar settings from Section [PostProcessQuality@3] File [D:/Unreal/unrealEngine4/TPS/Saved/Config/Windows/Scalability.ini]
[2019.09.10-04.13.11:428][  0]LogConfig: Setting CVar [[r.MotionBlurQuality:4]]
[2019.09.10-04.13.11:428][  0]LogConfig: Setting CVar [[r.AmbientOcclusionMipLevelFactor:0.4]]
[2019.09.10-04.13.11:428][  0]LogConfig: Setting CVar [[r.AmbientOcclusionMaxQuality:100]]
[2019.09.10-04.13.11:428][  0]LogConfig: Setting CVar [[r.AmbientOcclusionLevels:-1]]
[2019.09.10-04.13.11:428][  0]LogConfig: Setting CVar [[r.AmbientOcclusionRadiusScale:1.0]]
[2019.09.10-04.13.11:428][  0]LogConfig: Setting CVar [[r.DepthOfFieldQuality:2]]
[2019.09.10-04.13.11:428][  0]LogConfig: Setting CVar [[r.RenderTargetPoolMin:400]]
[2019.09.10-04.13.11:428][  0]LogConfig: Setting CVar [[r.LensFlareQuality:2]]
[2019.09.10-04.13.11:428][  0]LogConfig: Setting CVar [[r.SceneColorFringeQuality:1]]
[2019.09.10-04.13.11:429][  0]LogConfig: Setting CVar [[r.EyeAdaptationQuality:2]]
[2019.09.10-04.13.11:429][  0]LogConfig: Setting CVar [[r.BloomQuality:5]]
[2019.09.10-04.13.11:429][  0]LogConfig: Setting CVar [[r.FastBlurThreshold:100]]
[2019.09.10-04.13.11:429][  0]LogConfig: Setting CVar [[r.Upscale.Quality:3]]
[2019.09.10-04.13.11:429][  0]LogConfig: Setting CVar [[r.Tonemapper.GrainQuantization:1]]
[2019.09.10-04.13.11:429][  0]LogConfig: Setting CVar [[r.LightShaftQuality:1]]
[2019.09.10-04.13.11:429][  0]LogConfig: Setting CVar [[r.Filter.SizeScale:1]]
[2019.09.10-04.13.11:429][  0]LogConfig: Setting CVar [[r.Tonemapper.Quality:5]]
[2019.09.10-04.13.11:429][  0]LogConfig: Setting CVar [[r.DOF.Gather.AccumulatorQuality:1        ; higher gathering accumulator quality]]
[2019.09.10-04.13.11:429][  0]LogConfig: Setting CVar [[r.DOF.Gather.PostfilterMethod:1          ; Median3x3 postfilering method]]
[2019.09.10-04.13.11:429][  0]LogConfig: Setting CVar [[r.DOF.Gather.EnableBokehSettings:0       ; no bokeh simulation when gathering]]
[2019.09.10-04.13.11:429][  0]LogConfig: Setting CVar [[r.DOF.Gather.RingCount:4                 ; medium number of samples when gathering]]
[2019.09.10-04.13.11:429][  0]LogConfig: Setting CVar [[r.DOF.Scatter.ForegroundCompositing:1    ; additive foreground scattering]]
[2019.09.10-04.13.11:429][  0]LogConfig: Setting CVar [[r.DOF.Scatter.BackgroundCompositing:2    ; additive background scattering]]
[2019.09.10-04.13.11:429][  0]LogConfig: Setting CVar [[r.DOF.Scatter.EnableBokehSettings:1      ; bokeh simulation when scattering]]
[2019.09.10-04.13.11:429][  0]LogConfig: Setting CVar [[r.DOF.Scatter.MaxSpriteRatio:0.1         ; only a maximum of 10% of scattered bokeh]]
[2019.09.10-04.13.11:429][  0]LogConfig: Setting CVar [[r.DOF.Recombine.Quality:1                ; cheap slight out of focus]]
[2019.09.10-04.13.11:429][  0]LogConfig: Setting CVar [[r.DOF.Recombine.EnableBokehSettings:0    ; no bokeh simulation on slight out of focus]]
[2019.09.10-04.13.11:429][  0]LogConfig: Setting CVar [[r.DOF.TemporalAAQuality:1                ; more stable temporal accumulation]]
[2019.09.10-04.13.11:429][  0]LogConfig: Setting CVar [[r.DOF.Kernel.MaxForegroundRadius:0.025]]
[2019.09.10-04.13.11:429][  0]LogConfig: Setting CVar [[r.DOF.Kernel.MaxBackgroundRadius:0.025]]
[2019.09.10-04.13.11:429][  0]LogConfig: Applying CVar settings from Section [TextureQuality@3] File [D:/Unreal/unrealEngine4/TPS/Saved/Config/Windows/Scalability.ini]
[2019.09.10-04.13.11:430][  0]LogConfig: Setting CVar [[r.Streaming.MipBias:0]]
[2019.09.10-04.13.11:430][  0]LogConfig: Setting CVar [[r.Streaming.AmortizeCPUToGPUCopy:0]]
[2019.09.10-04.13.11:430][  0]LogConfig: Setting CVar [[r.Streaming.MaxNumTexturesToStreamPerFrame:0]]
[2019.09.10-04.13.11:430][  0]LogConfig: Setting CVar [[r.Streaming.Boost:1]]
[2019.09.10-04.13.11:430][  0]LogConfig: Setting CVar [[r.MaxAnisotropy:8]]
[2019.09.10-04.13.11:430][  0]LogConfig: Setting CVar [[r.Streaming.LimitPoolSizeToVRAM:0]]
[2019.09.10-04.13.11:430][  0]LogConfig: Setting CVar [[r.Streaming.PoolSize:1000]]
[2019.09.10-04.13.11:430][  0]LogConfig: Setting CVar [[r.Streaming.MaxEffectiveScreenSize:0]]
[2019.09.10-04.13.11:430][  0]LogConfig: Applying CVar settings from Section [EffectsQuality@3] File [D:/Unreal/unrealEngine4/TPS/Saved/Config/Windows/Scalability.ini]
[2019.09.10-04.13.11:430][  0]LogConfig: Setting CVar [[r.TranslucencyLightingVolumeDim:64]]
[2019.09.10-04.13.11:430][  0]LogConfig: Setting CVar [[r.RefractionQuality:2]]
[2019.09.10-04.13.11:430][  0]LogConfig: Setting CVar [[r.SSR.Quality:3]]
[2019.09.10-04.13.11:430][  0]LogConfig: Setting CVar [[r.SceneColorFormat:4]]
[2019.09.10-04.13.11:430][  0]LogConfig: Setting CVar [[r.DetailMode:2]]
[2019.09.10-04.13.11:430][  0]LogConfig: Setting CVar [[r.TranslucencyVolumeBlur:1]]
[2019.09.10-04.13.11:430][  0]LogConfig: Setting CVar [[r.MaterialQualityLevel:1 ; High quality]]
[2019.09.10-04.13.11:430][  0]LogConfig: Setting CVar [[r.SSS.Scale:1]]
[2019.09.10-04.13.11:430][  0]LogConfig: Setting CVar [[r.SSS.SampleSet:2]]
[2019.09.10-04.13.11:430][  0]LogConfig: Setting CVar [[r.SSS.Quality:1]]
[2019.09.10-04.13.11:430][  0]LogConfig: Setting CVar [[r.SSS.HalfRes:1]]
[2019.09.10-04.13.11:430][  0]LogConfig: Setting CVar [[r.EmitterSpawnRateScale:1.0]]
[2019.09.10-04.13.11:430][  0]LogConfig: Setting CVar [[r.ParticleLightQuality:2]]
[2019.09.10-04.13.11:430][  0]LogConfig: Applying CVar settings from Section [FoliageQuality@3] File [D:/Unreal/unrealEngine4/TPS/Saved/Config/Windows/Scalability.ini]
[2019.09.10-04.13.11:431][  0]LogConfig: Setting CVar [[foliage.DensityScale:1.0]]
[2019.09.10-04.13.11:431][  0]LogConfig: Setting CVar [[grass.DensityScale:1.0]]
[2019.09.10-04.13.11:439][  0]LogInit: Selected Device Profile: [Windows]
[2019.09.10-04.13.11:439][  0]LogInit: Applying CVar settings loaded from the selected device profile: [Windows]
[2019.09.10-04.13.11:542][  0]LogHAL: Display: Platform has ~ 8 GB [8463421440 / 8589934592 / 8], which maps to Default [LargestMinGB=32, LargerMinGB=12, DefaultMinGB=8, SmallerMinGB=6, SmallestMinGB=0)
[2019.09.10-04.13.11:547][  0]LogConfig: Setting CVar [[r.Vulkan.UseRealUBs:0		; Required until we fix HLR fall-out]]
[2019.09.10-04.13.11:547][  0]LogInit: Going up to parent DeviceProfile []
[2019.09.10-04.13.11:549][  0]LogConfig: Applying CVar settings from Section [ViewDistanceQuality@3] File [D:/Unreal/unrealEngine4/TPS/Saved/Config/Windows/Scalability.ini]
[2019.09.10-04.13.11:549][  0]LogConfig: Setting CVar [[r.SkeletalMeshLODBias:0]]
[2019.09.10-04.13.11:549][  0]LogConfig: Setting CVar [[r.ViewDistanceScale:1.0]]
[2019.09.10-04.13.11:549][  0]LogConfig: Applying CVar settings from Section [AntiAliasingQuality@3] File [D:/Unreal/unrealEngine4/TPS/Saved/Config/Windows/Scalability.ini]
[2019.09.10-04.13.11:549][  0]LogConfig: Setting CVar [[r.PostProcessAAQuality:4]]
[2019.09.10-04.13.11:549][  0]LogConfig: Applying CVar settings from Section [ShadowQuality@3] File [D:/Unreal/unrealEngine4/TPS/Saved/Config/Windows/Scalability.ini]
[2019.09.10-04.13.11:549][  0]LogConfig: Setting CVar [[r.LightFunctionQuality:1]]
[2019.09.10-04.13.11:549][  0]LogConfig: Setting CVar [[r.ShadowQuality:5]]
[2019.09.10-04.13.11:549][  0]LogConfig: Setting CVar [[r.Shadow.CSM.MaxCascades:10]]
[2019.09.10-04.13.11:549][  0]LogConfig: Setting CVar [[r.Shadow.MaxResolution:2048]]
[2019.09.10-04.13.11:549][  0]LogConfig: Setting CVar [[r.Shadow.MaxCSMResolution:2048]]
[2019.09.10-04.13.11:549][  0]LogConfig: Setting CVar [[r.Shadow.RadiusThreshold:0.01]]
[2019.09.10-04.13.11:549][  0]LogConfig: Setting CVar [[r.Shadow.DistanceScale:1.0]]
[2019.09.10-04.13.11:549][  0]LogConfig: Setting CVar [[r.Shadow.CSM.TransitionScale:1.0]]
[2019.09.10-04.13.11:549][  0]LogConfig: Setting CVar [[r.Shadow.PreShadowResolutionFactor:1.0]]
[2019.09.10-04.13.11:549][  0]LogConfig: Setting CVar [[r.DistanceFieldShadowing:1]]
[2019.09.10-04.13.11:549][  0]LogConfig: Setting CVar [[r.DistanceFieldAO:1]]
[2019.09.10-04.13.11:549][  0]LogConfig: Setting CVar [[r.AOQuality:2]]
[2019.09.10-04.13.11:549][  0]LogConfig: Setting CVar [[r.VolumetricFog:1]]
[2019.09.10-04.13.11:549][  0]LogConfig: Setting CVar [[r.VolumetricFog.GridPixelSize:8]]
[2019.09.10-04.13.11:549][  0]LogConfig: Setting CVar [[r.VolumetricFog.GridSizeZ:128]]
[2019.09.10-04.13.11:549][  0]LogConfig: Setting CVar [[r.VolumetricFog.HistoryMissSupersampleCount:4]]
[2019.09.10-04.13.11:549][  0]LogConfig: Setting CVar [[r.LightMaxDrawDistanceScale:1]]
[2019.09.10-04.13.11:549][  0]LogConfig: Setting CVar [[r.CapsuleShadows:1]]
[2019.09.10-04.13.11:549][  0]LogConfig: Applying CVar settings from Section [PostProcessQuality@3] File [D:/Unreal/unrealEngine4/TPS/Saved/Config/Windows/Scalability.ini]
[2019.09.10-04.13.11:549][  0]LogConfig: Setting CVar [[r.MotionBlurQuality:4]]
[2019.09.10-04.13.11:549][  0]LogConfig: Setting CVar [[r.AmbientOcclusionMipLevelFactor:0.4]]
[2019.09.10-04.13.11:549][  0]LogConfig: Setting CVar [[r.AmbientOcclusionMaxQuality:100]]
[2019.09.10-04.13.11:549][  0]LogConfig: Setting CVar [[r.AmbientOcclusionLevels:-1]]
[2019.09.10-04.13.11:549][  0]LogConfig: Setting CVar [[r.AmbientOcclusionRadiusScale:1.0]]
[2019.09.10-04.13.11:549][  0]LogConfig: Setting CVar [[r.DepthOfFieldQuality:2]]
[2019.09.10-04.13.11:549][  0]LogConfig: Setting CVar [[r.RenderTargetPoolMin:400]]
[2019.09.10-04.13.11:549][  0]LogConfig: Setting CVar [[r.LensFlareQuality:2]]
[2019.09.10-04.13.11:549][  0]LogConfig: Setting CVar [[r.SceneColorFringeQuality:1]]
[2019.09.10-04.13.11:549][  0]LogConfig: Setting CVar [[r.EyeAdaptationQuality:2]]
[2019.09.10-04.13.11:551][  0]LogConfig: Setting CVar [[r.BloomQuality:5]]
[2019.09.10-04.13.11:551][  0]LogConfig: Setting CVar [[r.FastBlurThreshold:100]]
[2019.09.10-04.13.11:551][  0]LogConfig: Setting CVar [[r.Upscale.Quality:3]]
[2019.09.10-04.13.11:551][  0]LogConfig: Setting CVar [[r.Tonemapper.GrainQuantization:1]]
[2019.09.10-04.13.11:551][  0]LogConfig: Setting CVar [[r.LightShaftQuality:1]]
[2019.09.10-04.13.11:551][  0]LogConfig: Setting CVar [[r.Filter.SizeScale:1]]
[2019.09.10-04.13.11:551][  0]LogConfig: Setting CVar [[r.Tonemapper.Quality:5]]
[2019.09.10-04.13.11:551][  0]LogConfig: Setting CVar [[r.DOF.Gather.AccumulatorQuality:1        ; higher gathering accumulator quality]]
[2019.09.10-04.13.11:551][  0]LogConfig: Setting CVar [[r.DOF.Gather.PostfilterMethod:1          ; Median3x3 postfilering method]]
[2019.09.10-04.13.11:551][  0]LogConfig: Setting CVar [[r.DOF.Gather.EnableBokehSettings:0       ; no bokeh simulation when gathering]]
[2019.09.10-04.13.11:551][  0]LogConfig: Setting CVar [[r.DOF.Gather.RingCount:4                 ; medium number of samples when gathering]]
[2019.09.10-04.13.11:551][  0]LogConfig: Setting CVar [[r.DOF.Scatter.ForegroundCompositing:1    ; additive foreground scattering]]
[2019.09.10-04.13.11:551][  0]LogConfig: Setting CVar [[r.DOF.Scatter.BackgroundCompositing:2    ; additive background scattering]]
[2019.09.10-04.13.11:551][  0]LogConfig: Setting CVar [[r.DOF.Scatter.EnableBokehSettings:1      ; bokeh simulation when scattering]]
[2019.09.10-04.13.11:551][  0]LogConfig: Setting CVar [[r.DOF.Scatter.MaxSpriteRatio:0.1         ; only a maximum of 10% of scattered bokeh]]
[2019.09.10-04.13.11:551][  0]LogConfig: Setting CVar [[r.DOF.Recombine.Quality:1                ; cheap slight out of focus]]
[2019.09.10-04.13.11:551][  0]LogConfig: Setting CVar [[r.DOF.Recombine.EnableBokehSettings:0    ; no bokeh simulation on slight out of focus]]
[2019.09.10-04.13.11:551][  0]LogConfig: Setting CVar [[r.DOF.TemporalAAQuality:1                ; more stable temporal accumulation]]
[2019.09.10-04.13.11:551][  0]LogConfig: Setting CVar [[r.DOF.Kernel.MaxForegroundRadius:0.025]]
[2019.09.10-04.13.11:551][  0]LogConfig: Setting CVar [[r.DOF.Kernel.MaxBackgroundRadius:0.025]]
[2019.09.10-04.13.11:551][  0]LogConfig: Applying CVar settings from Section [TextureQuality@3] File [D:/Unreal/unrealEngine4/TPS/Saved/Config/Windows/Scalability.ini]
[2019.09.10-04.13.11:552][  0]LogConfig: Setting CVar [[r.Streaming.MipBias:0]]
[2019.09.10-04.13.11:552][  0]LogConfig: Setting CVar [[r.Streaming.AmortizeCPUToGPUCopy:0]]
[2019.09.10-04.13.11:552][  0]LogConfig: Setting CVar [[r.Streaming.MaxNumTexturesToStreamPerFrame:0]]
[2019.09.10-04.13.11:552][  0]LogConfig: Setting CVar [[r.Streaming.Boost:1]]
[2019.09.10-04.13.11:552][  0]LogConfig: Setting CVar [[r.MaxAnisotropy:8]]
[2019.09.10-04.13.11:552][  0]LogConfig: Setting CVar [[r.Streaming.LimitPoolSizeToVRAM:0]]
[2019.09.10-04.13.11:552][  0]LogConfig: Setting CVar [[r.Streaming.PoolSize:1000]]
[2019.09.10-04.13.11:552][  0]LogConfig: Setting CVar [[r.Streaming.MaxEffectiveScreenSize:0]]
[2019.09.10-04.13.11:552][  0]LogConfig: Applying CVar settings from Section [EffectsQuality@3] File [D:/Unreal/unrealEngine4/TPS/Saved/Config/Windows/Scalability.ini]
[2019.09.10-04.13.11:552][  0]LogConfig: Setting CVar [[r.TranslucencyLightingVolumeDim:64]]
[2019.09.10-04.13.11:552][  0]LogConfig: Setting CVar [[r.RefractionQuality:2]]
[2019.09.10-04.13.11:552][  0]LogConfig: Setting CVar [[r.SSR.Quality:3]]
[2019.09.10-04.13.11:552][  0]LogConfig: Setting CVar [[r.SceneColorFormat:4]]
[2019.09.10-04.13.11:552][  0]LogConfig: Setting CVar [[r.DetailMode:2]]
[2019.09.10-04.13.11:552][  0]LogConfig: Setting CVar [[r.TranslucencyVolumeBlur:1]]
[2019.09.10-04.13.11:552][  0]LogConfig: Setting CVar [[r.MaterialQualityLevel:1 ; High quality]]
[2019.09.10-04.13.11:552][  0]LogConfig: Setting CVar [[r.SSS.Scale:1]]
[2019.09.10-04.13.11:552][  0]LogConfig: Setting CVar [[r.SSS.SampleSet:2]]
[2019.09.10-04.13.11:552][  0]LogConfig: Setting CVar [[r.SSS.Quality:1]]
[2019.09.10-04.13.11:552][  0]LogConfig: Setting CVar [[r.SSS.HalfRes:1]]
[2019.09.10-04.13.11:552][  0]LogConfig: Setting CVar [[r.EmitterSpawnRateScale:1.0]]
[2019.09.10-04.13.11:552][  0]LogConfig: Setting CVar [[r.ParticleLightQuality:2]]
[2019.09.10-04.13.11:553][  0]LogConfig: Applying CVar settings from Section [FoliageQuality@3] File [D:/Unreal/unrealEngine4/TPS/Saved/Config/Windows/Scalability.ini]
[2019.09.10-04.13.11:553][  0]LogConfig: Setting CVar [[foliage.DensityScale:1.0]]
[2019.09.10-04.13.11:553][  0]LogConfig: Setting CVar [[grass.DensityScale:1.0]]
[2019.09.10-04.13.11:553][  0]LogConfig: Applying CVar settings from Section [Startup] File [../../../Engine/Config/ConsoleVariables.ini]
[2019.09.10-04.13.11:563][  0]LogConfig: Setting CVar [[net.UseAdaptiveNetUpdateFrequency:0]]
[2019.09.10-04.13.11:563][  0]LogConfig: Setting CVar [[p.chaos.AllowCreatePhysxBodies:1]]
[2019.09.10-04.13.11:564][  0]LogConfig: Applying CVar settings from Section [ConsoleVariables] File [D:/Unreal/unrealEngine4/TPS/Saved/Config/Windows/Engine.ini]
[2019.09.10-04.13.11:591][  0]LogInit: Computer: PC64237
[2019.09.10-04.13.11:591][  0]LogInit: User: 1701377
[2019.09.10-04.13.11:591][  0]LogInit: CPU Page size=4096, Cores=4
[2019.09.10-04.13.11:591][  0]LogInit: High frequency timer resolution =2.742189 MHz
[2019.09.10-04.13.11:592][  0]LogMemory: Memory total: Physical=7.9GB (8GB approx)
[2019.09.10-04.13.11:592][  0]LogMemory: Platform Memory Stats for Windows
[2019.09.10-04.13.11:592][  0]LogMemory: Process Physical Memory: 98.85 MB used, 98.85 MB peak
[2019.09.10-04.13.11:592][  0]LogMemory: Process Virtual Memory: 102.31 MB used, 102.31 MB peak
[2019.09.10-04.13.11:592][  0]LogMemory: Physical Memory: 2145.68 MB used,  5925.67 MB free, 8071.35 MB total
[2019.09.10-04.13.11:592][  0]LogMemory: Virtual Memory: 571.68 MB used,  134217160.00 MB free, 134217728.00 MB total
[2019.09.10-04.13.12:335][  0]LogInit: Overriding language with editor language configuration option (ja).
[2019.09.10-04.13.12:335][  0]LogInit: Overriding locale with editor culture configuration option ().
[2019.09.10-04.13.12:335][  0]LogInit: Using OS detected locale (ja-JP).
[2019.09.10-04.13.12:993][  0]LogInit: Setting process to per monitor DPI aware
[2019.09.10-04.13.13:521][  0]LogSlate: New Slate User Created.  User Index 0, Is Virtual User: 0
[2019.09.10-04.13.13:521][  0]LogSlate: Slate User Registered.  User Index 0, Is Virtual User: 0
[2019.09.10-04.13.15:802][  0]LogHMD: Failed to initialize OpenVR with code 110
[2019.09.10-04.13.15:802][  0]LogD3D11RHI: D3D11 adapters:
[2019.09.10-04.13.16:494][  0]LogD3D11RHI:    0. 'NVIDIA GeForce GTX 1060' (Feature Level 11_0)
[2019.09.10-04.13.16:494][  0]LogD3D11RHI:       3019/0/4035 MB DedicatedVideo/DedicatedSystem/SharedSystem, Outputs:1, VendorId:0x10de
[2019.09.10-04.13.16:516][  0]LogD3D11RHI:    1. 'Intel(R) HD Graphics 630' (Feature Level 11_0)
[2019.09.10-04.13.16:517][  0]LogD3D11RHI:       128/0/4035 MB DedicatedVideo/DedicatedSystem/SharedSystem, Outputs:0, VendorId:0x8086
[2019.09.10-04.13.16:520][  0]LogD3D11RHI:    2. 'Microsoft Basic Render Driver' (Feature Level 11_0)
[2019.09.10-04.13.16:520][  0]LogD3D11RHI:       0/0/4035 MB DedicatedVideo/DedicatedSystem/SharedSystem, Outputs:0, VendorId:0x1414
[2019.09.10-04.13.16:520][  0]LogD3D11RHI: Chosen D3D11 Adapter: 0
[2019.09.10-04.13.16:527][  0]LogD3D11RHI: Creating new Direct3DDevice
[2019.09.10-04.13.16:528][  0]LogD3D11RHI:     GPU DeviceId: 0x1c20 (for the marketing name, search the web for "GPU Device Id")
[2019.09.10-04.13.16:528][  0]LogWindows: EnumDisplayDevices:
[2019.09.10-04.13.16:528][  0]LogWindows:    0. 'Intel(R) HD Graphics 630' (P:1 D:1)
[2019.09.10-04.13.16:528][  0]LogWindows:    1. 'Intel(R) HD Graphics 630' (P:0 D:0)
[2019.09.10-04.13.16:528][  0]LogWindows:    2. 'Intel(R) HD Graphics 630' (P:0 D:0)
[2019.09.10-04.13.16:529][  0]LogWindows:    3. 'NVIDIA GeForce GTX 1060' (P:0 D:0)
[2019.09.10-04.13.16:529][  0]LogWindows:    4. 'NVIDIA GeForce GTX 1060' (P:0 D:0)
[2019.09.10-04.13.16:529][  0]LogWindows:    5. 'NVIDIA GeForce GTX 1060' (P:0 D:0)
[2019.09.10-04.13.16:529][  0]LogWindows:    6. 'NVIDIA GeForce GTX 1060' (P:0 D:0)
[2019.09.10-04.13.16:529][  0]LogWindows: DebugString: PrimaryIsNotTheChoosenAdapter PrimaryIsNotTheChoosenAdapter PrimaryIsNotTheChoosenAdapter FoundDriverCount:4 
[2019.09.10-04.13.16:529][  0]LogD3D11RHI:     Adapter Name: NVIDIA GeForce GTX 1060
[2019.09.10-04.13.16:529][  0]LogD3D11RHI:   Driver Version: 382.05 (internal:22.21.13.8205, unified:382.05)
[2019.09.10-04.13.16:529][  0]LogD3D11RHI:      Driver Date: 5-1-2017
[2019.09.10-04.13.16:529][  0]LogRHI: Texture pool is 2113 MB (70% of 3019 MB)
[2019.09.10-04.13.16:583][  0]LogD3D11RHI: Async texture creation enabled
[2019.09.10-04.13.16:743][  0]LogRendererCore: FGlobalReadBuffer::InitRHI
[2019.09.10-04.13.16:749][  0]LogRendererCore: FGlobalReadBuffer::InitRHI
[2019.09.10-04.13.16:749][  0]LogRendererCore: FGlobalReadBuffer::InitRHI
[2019.09.10-04.13.16:785][  0]LogD3D11RHI: GPU Timing Frequency: 1000.000000 (Debug: 2 1)
[2019.09.10-04.13.21:095][  0]LogTemp: Display: Module 'AllDesktopTargetPlatform' loaded TargetPlatform 'AllDesktop'
[2019.09.10-04.13.21:132][  0]LogTemp: Display: Module 'MacClientTargetPlatform' loaded TargetPlatform 'MacClient'
[2019.09.10-04.13.21:184][  0]LogTemp: Display: Module 'MacNoEditorTargetPlatform' loaded TargetPlatform 'MacNoEditor'
[2019.09.10-04.13.21:225][  0]LogTemp: Display: Module 'MacServerTargetPlatform' loaded TargetPlatform 'MacServer'
[2019.09.10-04.13.21:333][  0]LogTemp: Display: Module 'MacTargetPlatform' loaded TargetPlatform 'Mac'
[2019.09.10-04.13.21:386][  0]LogTemp: Display: Module 'WindowsClientTargetPlatform' loaded TargetPlatform 'WindowsClient'
[2019.09.10-04.13.21:417][  0]LogTemp: Display: Module 'WindowsNoEditorTargetPlatform' loaded TargetPlatform 'WindowsNoEditor'
[2019.09.10-04.13.21:449][  0]LogTemp: Display: Module 'WindowsServerTargetPlatform' loaded TargetPlatform 'WindowsServer'
[2019.09.10-04.13.21:465][  0]LogTemp: Display: Module 'WindowsTargetPlatform' loaded TargetPlatform 'Windows'
[2019.09.10-04.13.21:684][  0]LogTemp: Display: Module 'AndroidTargetPlatform' loaded TargetPlatform 'Android'
[2019.09.10-04.13.21:684][  0]LogTemp: Display: Module 'AndroidTargetPlatform' loaded TargetPlatform 'Android_ASTC'
[2019.09.10-04.13.21:684][  0]LogTemp: Display: Module 'AndroidTargetPlatform' loaded TargetPlatform 'Android_ATC'
[2019.09.10-04.13.21:684][  0]LogTemp: Display: Module 'AndroidTargetPlatform' loaded TargetPlatform 'Android_DXT'
[2019.09.10-04.13.21:684][  0]LogTemp: Display: Module 'AndroidTargetPlatform' loaded TargetPlatform 'Android_ETC1'
[2019.09.10-04.13.21:684][  0]LogTemp: Display: Module 'AndroidTargetPlatform' loaded TargetPlatform 'Android_ETC1a'
[2019.09.10-04.13.21:684][  0]LogTemp: Display: Module 'AndroidTargetPlatform' loaded TargetPlatform 'Android_ETC2'
[2019.09.10-04.13.21:684][  0]LogTemp: Display: Module 'AndroidTargetPlatform' loaded TargetPlatform 'Android_PVRTC'
[2019.09.10-04.13.21:684][  0]LogTemp: Display: Module 'AndroidTargetPlatform' loaded TargetPlatform 'AndroidClient'
[2019.09.10-04.13.21:684][  0]LogTemp: Display: Module 'AndroidTargetPlatform' loaded TargetPlatform 'Android_ASTCClient'
[2019.09.10-04.13.21:684][  0]LogTemp: Display: Module 'AndroidTargetPlatform' loaded TargetPlatform 'Android_ATCClient'
[2019.09.10-04.13.21:684][  0]LogTemp: Display: Module 'AndroidTargetPlatform' loaded TargetPlatform 'Android_DXTClient'
[2019.09.10-04.13.21:684][  0]LogTemp: Display: Module 'AndroidTargetPlatform' loaded TargetPlatform 'Android_ETC1Client'
[2019.09.10-04.13.21:684][  0]LogTemp: Display: Module 'AndroidTargetPlatform' loaded TargetPlatform 'Android_ETC1aClient'
[2019.09.10-04.13.21:684][  0]LogTemp: Display: Module 'AndroidTargetPlatform' loaded TargetPlatform 'Android_ETC2Client'
[2019.09.10-04.13.21:684][  0]LogTemp: Display: Module 'AndroidTargetPlatform' loaded TargetPlatform 'Android_PVRTCClient'
[2019.09.10-04.13.21:684][  0]LogTemp: Display: Module 'AndroidTargetPlatform' loaded TargetPlatform 'Android_Multi'
[2019.09.10-04.13.21:684][  0]LogTemp: Display: Module 'AndroidTargetPlatform' loaded TargetPlatform 'Android_MultiClient'
[2019.09.10-04.13.21:693][  0]LogTemp: Display: Module 'HTML5TargetPlatform' loaded TargetPlatform 'HTML5'
[2019.09.10-04.13.21:902][  0]LogTemp: Display: Module 'IOSTargetPlatform' loaded TargetPlatform 'IOSClient'
[2019.09.10-04.13.21:902][  0]LogTemp: Display: Module 'IOSTargetPlatform' loaded TargetPlatform 'IOS'
[2019.09.10-04.13.21:976][  0]LogTemp: Display: Module 'TVOSTargetPlatform' loaded TargetPlatform 'TVOSClient'
[2019.09.10-04.13.21:977][  0]LogTemp: Display: Module 'TVOSTargetPlatform' loaded TargetPlatform 'TVOS'
[2019.09.10-04.13.22:053][  0]LogTemp: Display: Module 'LinuxClientTargetPlatform' loaded TargetPlatform 'LinuxClient'
[2019.09.10-04.13.22:098][  0]LogTemp: Display: Module 'LinuxNoEditorTargetPlatform' loaded TargetPlatform 'LinuxNoEditor'
[2019.09.10-04.13.22:155][  0]LogTemp: Display: Module 'LinuxServerTargetPlatform' loaded TargetPlatform 'LinuxServer'
[2019.09.10-04.13.22:202][  0]LogTemp: Display: Module 'LinuxTargetPlatform' loaded TargetPlatform 'Linux'
[2019.09.10-04.13.22:369][  0]LogTemp: Display: Module 'LuminTargetPlatform' loaded TargetPlatform 'Lumin'
[2019.09.10-04.13.22:369][  0]LogTemp: Display: Module 'LuminTargetPlatform' loaded TargetPlatform 'LuminClient'
[2019.09.10-04.13.22:369][  0]LogTargetPlatformManager: Display: Building Assets For Windows
[2019.09.10-04.13.22:583][  0]LogAudioDebug: Display: Lib vorbis DLL was dynamically loaded.
[2019.09.10-04.13.23:298][  0]LogShaderCompilers: Guid format shader working directory is 9 characters bigger than the processId version (../../../../../Unreal/unrealEngine4/TPS/Intermediate/Shaders/WorkingDirectory/4960/).
[2019.09.10-04.13.23:299][  0]LogShaderCompilers: Cleaned the shader compiler working directory 'C:/Users/1701377/AppData/Local/Temp/UnrealShaderWorkingDir/BD2168F84A05A4AA82C14C8CDA379C0E/'.
[2019.09.10-04.13.23:312][  0]LogXGEController: Cleaning working directory: C:/Users/1701377/AppData/Local/Temp/UnrealXGEWorkingDir/
[2019.09.10-04.13.23:313][  0]LogXGEController: Cannot use XGE Controller as Incredibuild is not installed on this machine.
[2019.09.10-04.13.23:314][  0]LogShaderCompilers: Cannot use XGE Shader Compiler as Incredibuild is not installed on this machine.
[2019.09.10-04.13.23:314][  0]LogShaderCompilers: Display: Using Local Shader Compiler.
[2019.09.10-04.13.26:655][  0]LogDerivedDataCache: Display: Max Cache Size: 512 MB
[2019.09.10-04.13.26:958][  0]LogDerivedDataCache: Loaded boot cache 0.29s 71MB C:/Users/1701377/AppData/Local/UnrealEngine/4.22/DerivedDataCache/Boot.ddc.
[2019.09.10-04.13.26:958][  0]LogDerivedDataCache: Display: Loaded Boot cache: C:/Users/1701377/AppData/Local/UnrealEngine/4.22/DerivedDataCache/Boot.ddc
[2019.09.10-04.13.26:958][  0]LogDerivedDataCache: FDerivedDataBackendGraph:  Pak pak cache file ../../../../../Unreal/unrealEngine4/TPS/DerivedDataCache/DDC.ddp not found, will not use a pak cache.
[2019.09.10-04.13.26:959][  0]LogDerivedDataCache: Unable to find inner node Pak for hierarchical cache Hierarchy.
[2019.09.10-04.13.26:959][  0]LogDerivedDataCache: FDerivedDataBackendGraph:  CompressedPak pak cache file ../../../../../Unreal/unrealEngine4/TPS/DerivedDataCache/Compressed.ddp not found, will not use a pak cache.
[2019.09.10-04.13.26:959][  0]LogDerivedDataCache: Unable to find inner node CompressedPak for hierarchical cache Hierarchy.
[2019.09.10-04.13.27:042][  0]LogDerivedDataCache: Display: Pak cache opened for reading ../../../Engine/DerivedDataCache/Compressed.ddp.
[2019.09.10-04.13.27:042][  0]LogDerivedDataCache: FDerivedDataBackendGraph:  EnterprisePak pak cache file ../../../Enterprise/DerivedDataCache/Compressed.ddp not found, will not use a pak cache.
[2019.09.10-04.13.27:042][  0]LogDerivedDataCache: Unable to find inner node EnterprisePak for hierarchical cache Hierarchy.
[2019.09.10-04.13.27:057][  0]LogDerivedDataCache: Using Local data cache path C:/Users/1701377/AppData/Local/UnrealEngine/Common/DerivedDataCache: Writable
[2019.09.10-04.13.27:057][  0]LogDerivedDataCache: Shared data cache path not found in *engine.ini, will not use an Shared cache.
[2019.09.10-04.13.27:057][  0]LogDerivedDataCache: Unable to find inner node Shared for hierarchical cache Hierarchy.
[2019.09.10-04.13.27:148][  0]LogMaterial: Verifying Global Shaders for PCD3D_SM5
[2019.09.10-04.13.27:189][  0]LogSlate: Using FreeType 2.6.0
[2019.09.10-04.13.27:247][  0]LogSlate: SlateFontServices - WITH_FREETYPE: 1, WITH_HARFBUZZ: 1
[2019.09.10-04.13.28:490][  0]LogAssetRegistry: FAssetRegistry took 0.0580 seconds to start up
[2019.09.10-04.13.31:994][  0]LogInit: Selected Device Profile: [Windows]
[2019.09.10-04.13.33:798][  0]LogMeshReduction: Using QuadricMeshReduction for automatic static mesh reduction
[2019.09.10-04.13.33:798][  0]LogMeshReduction: Using SimplygonMeshReduction for automatic skeletal mesh reduction
[2019.09.10-04.13.33:798][  0]LogMeshReduction: Using ProxyLODMeshReduction for automatic mesh merging
[2019.09.10-04.13.33:798][  0]LogMeshReduction: No distributed automatic mesh merging module available
[2019.09.10-04.13.33:799][  0]LogMeshMerging: No distributed automatic mesh merging module available
[2019.09.10-04.13.34:078][  0]LogNetVersion: MyProject2 1.0.0, NetCL: 5660361, EngineNetVer: 10, GameNetVer: 0 (Checksum: 4139302413)
[2019.09.10-04.13.37:865][  0]LogPackageLocalizationCache: Processed 10 localized package path(s) for 1 prioritized culture(s) in 0.168192 seconds
[2019.09.10-04.13.37:897][  0]LogUObjectArray: 42205 objects as part of root set at end of initial load.
[2019.09.10-04.13.37:897][  0]LogUObjectAllocator: 7325032 out of 0 bytes used by permanent object pool.
[2019.09.10-04.13.37:897][  0]LogUObjectArray: CloseDisregardForGC: 0/0 objects in disregard for GC pool
[2019.09.10-04.13.48:840][  0]LogTcpMessaging: Initializing TcpMessaging bridge
[2019.09.10-04.13.48:943][  0]LogUdpMessaging: Initializing bridge on interface 0.0.0.0:0 to multicast group 230.0.0.1:6666.
[2019.09.10-04.13.49:732][  0]SourceControl: ソースコントロールは無効です
[2019.09.10-04.13.49:750][  0]SourceControl: ソースコントロールは無効です
[2019.09.10-04.13.49:877][  0]SourceControl: ソースコントロールは無効です
[2019.09.10-04.13.49:902][  0]SourceControl: ソースコントロールは無効です
[2019.09.10-04.13.51:239][  0]LogAndroidPermission: UAndroidPermissionCallbackProxy::GetInstance
[2019.09.10-04.13.51:832][  0]LogOcInput: OculusInput pre-init called
[2019.09.10-04.13.54:270][  0]LogEngine: Initializing Engine...
[2019.09.10-04.13.54:297][  0]LogHMD: Failed to initialize OpenVR with code 110
[2019.09.10-04.13.54:332][  0]LogStats: UGameplayTagsManager::InitializeManager -  0.001 s
[2019.09.10-04.13.55:206][  0]LogInit: Initializing FReadOnlyCVARCache
[2019.09.10-04.13.55:528][  0]LogAIModule: Creating AISystem for world Untitled
[2019.09.10-04.13.55:643][  0]LogInit: XAudio2 using 'スピーカー (Realtek High Definition Audio)' : 2 channels at 48 kHz using 32 bits per sample (channel mask 0x3)
[2019.09.10-04.13.55:899][  0]LogInit: FAudioDevice initialized.
[2019.09.10-04.13.55:900][  0]LogNetVersion: Set ProjectVersion to 1.0.0.0. Version Checksum will be recalculated on next use.
[2019.09.10-04.13.56:002][  0]LogDerivedDataCache: Saved boot cache 0.10s 71MB C:/Users/1701377/AppData/Local/UnrealEngine/4.22/DerivedDataCache/Boot.ddc.
[2019.09.10-04.13.56:003][  0]LogInit: Texture streaming: Enabled
[2019.09.10-04.13.56:104][  0]LogEngineSessionManager: EngineSessionManager initialized
[2019.09.10-04.13.56:318][  0]LogInit: Transaction tracking system initialized
[2019.09.10-04.13.56:678][  0]BlueprintLog: New page: エディタの読み込み
[2019.09.10-04.13.57:863][  0]LocalizationService: ローカライズのサービスが無効になりました
[2019.09.10-04.14.00:544][  0]LogCook: Display: Max memory allowance for cook 16384mb min free memory 0mb
[2019.09.10-04.14.00:544][  0]LogCook: Display: Mobile HDR setting 1
[2019.09.10-04.14.00:888][  0]LogFileCache: Scanning file cache for directory 'D:/Unreal/unrealEngine4/TPS/Content/' took 0.07s
[2019.09.10-04.14.03:023][  0]SourceControl: ソースコントロールは無効です
[2019.09.10-04.14.03:050][  0]Cmd: MAP LOAD FILE="../../../../../Unreal/unrealEngine4/TPS/Content/ThirdPersonBP/Maps/ThirdPersonExampleMap.umap" TEMPLATE=0 SHOWPROGRESS=1 FEATURELEVEL=3
[2019.09.10-04.14.03:054][  0]LightingResults: New page: ライティングのビルド
[2019.09.10-04.14.03:147][  0]MapCheck: New page: マップをチェック
[2019.09.10-04.14.03:147][  0]LightingResults: New page: ライティングのビルド
[2019.09.10-04.14.03:332][  0]LogUObjectHash: Compacting FUObjectHashTables data took   5.64ms
[2019.09.10-04.14.12:264][  0]LogAIModule: Creating AISystem for world ThirdPersonExampleMap
[2019.09.10-04.14.12:664][  0]LogEditorServer: Finished looking for orphan Actors (0.000 secs)
[2019.09.10-04.14.12:850][  0]LogUObjectHash: Compacting FUObjectHashTables data took   5.11ms
[2019.09.10-04.14.12:850][  0]Cmd: MAP CHECKDEP NOCLEARLOG
[2019.09.10-04.14.12:850][  0]MapCheck: マップチェックが完了: 0 エラー、 0 警告、完了に 0.15ミリ秒かかりました。
[2019.09.10-04.14.12:850][  0]LogFileHelpers: Loading map 'ThirdPersonExampleMap' took 9.812
[2019.09.10-04.14.13:922][  0]LogSlate: Updating window title bar state: overlay mode, drag disabled, window buttons hidden, title bar hidden
[2019.09.10-04.14.13:949][  0]LogSlate: Updating window title bar state: overlay mode, drag disabled, window buttons hidden, title bar hidden
[2019.09.10-04.14.13:974][  0]LogSlate: Updating window title bar state: overlay mode, drag disabled, window buttons hidden, title bar hidden
[2019.09.10-04.14.13:999][  0]LogSlate: Updating window title bar state: overlay mode, drag disabled, window buttons hidden, title bar hidden
[2019.09.10-04.14.14:137][  0]LogCollectionManager: Loaded 0 collections in 0.002797 seconds
[2019.09.10-04.14.14:304][  0]LogFileCache: Scanning file cache for directory 'D:/Unreal/unrealEngine4/TPS/Saved/Collections/' took 0.01s
[2019.09.10-04.14.14:304][  0]LogFileCache: Scanning file cache for directory 'D:/Unreal/unrealEngine4/TPS/Content/Developers/1701377/Collections/' took 0.01s
[2019.09.10-04.14.14:305][  0]LogFileCache: Scanning file cache for directory 'D:/Unreal/unrealEngine4/TPS/Content/Collections/' took 0.01s
[2019.09.10-04.14.14:305][  0]LogCollectionManager: Rebuilt the GUID cache for 0 collections in 0.000001 seconds
[2019.09.10-04.14.14:344][  0]LogContentBrowser: Native class hierarchy populated in 0.0325 seconds. Added 2732 classes and 659 folders.
[2019.09.10-04.14.14:397][  0]LogContentBrowser: Native class hierarchy updated for 'WidgetCarousel' in 0.0009 seconds. Added 0 classes and 0 folders.
[2019.09.10-04.14.14:485][  0]LogPakFile: Registered encryption key '00000000000000000000000000000000': 0 pak files mounted, 0 remain pending
[2019.09.10-04.14.14:557][  0]LogPakFile: Registered encryption key '00000000000000000000000000000000': 0 pak files mounted, 0 remain pending
[2019.09.10-04.14.14:571][  0]LogPakFile: Registered encryption key '00000000000000000000000000000000': 0 pak files mounted, 0 remain pending
[2019.09.10-04.14.14:584][  0]LogPakFile: Registered encryption key '00000000000000000000000000000000': 0 pak files mounted, 0 remain pending
[2019.09.10-04.14.14:600][  0]LogPakFile: Registered encryption key '00000000000000000000000000000000': 0 pak files mounted, 0 remain pending
[2019.09.10-04.14.14:616][  0]LogPakFile: Registered encryption key '00000000000000000000000000000000': 0 pak files mounted, 0 remain pending
[2019.09.10-04.14.14:633][  0]LogPakFile: Registered encryption key '00000000000000000000000000000000': 0 pak files mounted, 0 remain pending
[2019.09.10-04.14.14:648][  0]LogPakFile: Registered encryption key '00000000000000000000000000000000': 0 pak files mounted, 0 remain pending
[2019.09.10-04.14.14:660][  0]LogPakFile: Registered encryption key '00000000000000000000000000000000': 0 pak files mounted, 0 remain pending
[2019.09.10-04.14.14:671][  0]LogPakFile: Registered encryption key '00000000000000000000000000000000': 0 pak files mounted, 0 remain pending
[2019.09.10-04.14.14:685][  0]LogPakFile: Registered encryption key '00000000000000000000000000000000': 0 pak files mounted, 0 remain pending
[2019.09.10-04.14.14:693][  0]LogPakFile: Registered encryption key '00000000000000000000000000000000': 0 pak files mounted, 0 remain pending
[2019.09.10-04.14.14:707][  0]LogPakFile: Registered encryption key '00000000000000000000000000000000': 0 pak files mounted, 0 remain pending
[2019.09.10-04.14.14:716][  0]LogPakFile: Registered encryption key '00000000000000000000000000000000': 0 pak files mounted, 0 remain pending
[2019.09.10-04.14.14:735][  0]LogPakFile: Registered encryption key '00000000000000000000000000000000': 0 pak files mounted, 0 remain pending
[2019.09.10-04.14.14:745][  0]LogPakFile: Registered encryption key '00000000000000000000000000000000': 0 pak files mounted, 0 remain pending
[2019.09.10-04.14.14:800][  0]LogPakFile: Registered encryption key '00000000000000000000000000000000': 0 pak files mounted, 0 remain pending
[2019.09.10-04.14.14:812][  0]LogPakFile: Registered encryption key '00000000000000000000000000000000': 0 pak files mounted, 0 remain pending
[2019.09.10-04.14.14:829][  0]LogPakFile: Registered encryption key '00000000000000000000000000000000': 0 pak files mounted, 0 remain pending
[2019.09.10-04.14.14:840][  0]LogPakFile: Registered encryption key '00000000000000000000000000000000': 0 pak files mounted, 0 remain pending
[2019.09.10-04.14.14:858][  0]LogPakFile: Registered encryption key '00000000000000000000000000000000': 0 pak files mounted, 0 remain pending
[2019.09.10-04.14.14:868][  0]LogPakFile: Registered encryption key '00000000000000000000000000000000': 0 pak files mounted, 0 remain pending
[2019.09.10-04.14.14:877][  0]LogPakFile: Registered encryption key '00000000000000000000000000000000': 0 pak files mounted, 0 remain pending
[2019.09.10-04.14.14:896][  0]LogPakFile: Registered encryption key '00000000000000000000000000000000': 0 pak files mounted, 0 remain pending
[2019.09.10-04.14.14:913][  0]LogPakFile: Registered encryption key '00000000000000000000000000000000': 0 pak files mounted, 0 remain pending
[2019.09.10-04.14.14:917][  0]LogPakFile: Registered encryption key '00000000000000000000000000000000': 0 pak files mounted, 0 remain pending
[2019.09.10-04.14.15:858][  0]LogContentBrowser: Native class hierarchy updated for 'AddContentDialog' in 0.0008 seconds. Added 0 classes and 0 folders.
[2019.09.10-04.14.15:982][  0]LogContentBrowser: Native class hierarchy updated for 'SceneOutliner' in 0.0009 seconds. Added 1 classes and 2 folders.
[2019.09.10-04.14.16:964][  0]LogSlate: Took 0.020796 seconds to synchronously load lazily loaded font '../../../Engine/Content/Slate/Fonts/Roboto-Regular.ttf' (155K)
[2019.09.10-04.14.17:008][  0]LogSlate: Took 0.014587 seconds to synchronously load lazily loaded font '../../../Engine/Content/Editor/Slate/Fonts/GenEiGothicPro-Regular.otf' (707K)
[2019.09.10-04.14.17:021][  0]LogSlate: Took 0.011797 seconds to synchronously load lazily loaded font '../../../Engine/Content/Editor/Slate/Fonts/GenEiGothicPro-Bold.otf' (698K)
[2019.09.10-04.14.17:067][  0]LogSlate: Took 0.044892 seconds to synchronously load lazily loaded font '../../../Engine/Content/Slate/Fonts/Roboto-Bold.ttf' (160K)
[2019.09.10-04.14.17:091][  0]LogSlate: Took 0.013049 seconds to synchronously load lazily loaded font '../../../Engine/Content/Editor/Slate/Fonts/FontAwesome.ttf' (139K)
[2019.09.10-04.14.17:544][  0]LogRenderer: Reallocating scene render targets to support 964x436 Format 10 NumSamples 1 (Frame:1).
[2019.09.10-04.14.18:002][  0]LogContentBrowser: Native class hierarchy updated for 'HierarchicalLODOutliner' in 0.0007 seconds. Added 0 classes and 0 folders.
[2019.09.10-04.14.18:002][  0]LogLoad: (Engine Initialization) Total time: 91.57 seconds
[2019.09.10-04.14.18:002][  0]LogLoad: (Engine Initialization) Total Blueprint compile time: 0.00 seconds
[2019.09.10-04.14.18:218][  0]LogContentStreaming: Texture pool size now 1000 MB
[2019.09.10-04.14.18:299][  0]LogSlate: Took 0.002969 seconds to synchronously load lazily loaded font '../../../Engine/Content/Slate/Fonts/Roboto-Light.ttf' (167K)
[2019.09.10-04.14.18:923][  3]LogAssetRegistry: Asset discovery search completed in 50.4565 seconds
[2019.09.10-04.14.18:943][  3]LogCollectionManager: Rebuilt the object cache for 0 collections in 0.000001 seconds (found 0 objects)
[2019.09.10-04.14.18:943][  3]LogCollectionManager: Fixed up redirectors for 0 collections in 0.000156 seconds (updated 0 objects)
[2019.09.10-04.22.52:345][931]LogUnrealEdMisc: Warning: Heartbeat event firing too frequently (0.000 sec). This should never happen. Something is wrong with the timer delegate!
[2019.09.10-04.22.52:346][931]LogUnrealEdMisc: Warning: Heartbeat event firing too frequently (0.000 sec). This should never happen. Something is wrong with the timer delegate!
[2019.09.10-04.22.52:346][931]LogUnrealEdMisc: Warning: Heartbeat event firing too frequently (0.000 sec). This should never happen. Something is wrong with the timer delegate!
[2019.09.10-04.22.52:346][931]LogUnrealEdMisc: Warning: Heartbeat event firing too frequently (0.000 sec). This should never happen. Something is wrong with the timer delegate!
[2019.09.10-04.23.05:099][232]LogSlate: FSceneViewport::OnFocusLost() reason 0
[2019.09.10-04.23.18:315][278]LogUnrealEdMisc: Warning: Heartbeat event firing too frequently (25.970 sec). This should never happen. Something is wrong with the timer delegate!
[2019.09.10-04.23.38:407][339]LogHttp: Warning: 0000024DA5D13100: request failed, libcurl error: 56 (Failure when receiving data from the peer)
[2019.09.10-04.23.38:408][339]LogHttp: Warning: 0000024DA5D13100: libcurl info message cache 0 (Found bundle for host datarouter.ol.epicgames.com: 0x24d8bc33f70 [can pipeline])
[2019.09.10-04.23.38:408][339]LogHttp: Warning: 0000024DA5D13100: libcurl info message cache 1 (Re-using existing connection! (#1) with host datarouter.ol.epicgames.com)
[2019.09.10-04.23.38:408][339]LogHttp: Warning: 0000024DA5D13100: libcurl info message cache 2 (Connected to datarouter.ol.epicgames.com (52.86.156.38) port 443 (#1))
[2019.09.10-04.23.38:408][339]LogHttp: Warning: 0000024DA5D13100: libcurl info message cache 3 (We are completely uploaded and fine)
[2019.09.10-04.23.38:408][339]LogHttp: Warning: 0000024DA5D13100: libcurl info message cache 4 (OpenSSL SSL_read: SSL_ERROR_SYSCALL, errno 10054)
[2019.09.10-04.23.38:408][339]LogHttp: Warning: 0000024DA5D13100: libcurl info message cache 5 (Connection died, retrying a fresh connect)
[2019.09.10-04.23.38:408][339]LogHttp: Warning: 0000024DA5D13100: libcurl info message cache 6 (necessary data rewind wasn't possible)
[2019.09.10-04.23.38:408][339]LogHttp: Warning: 0000024DA5D13100: libcurl info message cache 7 (Closing connection 1)
[2019.09.10-04.23.38:743][340]LogHttp: Warning: Retry exhausted on https://datarouter.ol.epicgames.com/datarouter/api/v1/public/data?SessionID=%7B6F67DB32-4333-A237-8288-EEA015796843%7D&AppID=UEEditor.Rocket.Release&AppVersion=4.22.3-7053642%2B%2B%2BUE4%2BRelease-4.22&UserID=78fcd4a341f144d4c1df2e96075b3877%7C3040aafc03f74295b32c526121364356%7C48367ab6-d885-4d42-becd-683d6b167310&AppEnvironment=datacollector-binary&UploadType=eteventstream
